{"name": "Счетчик ингредиентов", "status": "failed", "statusDetails": {"message": "AssertionError: assert '0' == '2'\n  \n  - 2\n  + 0", "trace": "self = <test_main_functional.TestMainFunctional object at 0x00000225BAF305C0>\ndriver = <selenium.webdriver.firefox.webdriver.WebDriver (session=\"98887cad-9d09-4923-8980-1a502b4fd76b\")>\n\n    @allure.title(\"Счетчик ингредиентов\")\n    @allure.description(\n        \"Проверяем, что при добавлении ингредиента в заказ счётчик этого ингридиента увеличивается\"\n    )\n    def test_ingredient_counter(self, driver):\n        constructor_page = ConstructorPage(driver)\n        constructor_page.wait_visibility(ConstructorPageLocators.FLUO_BUN_COUNTER)\n        with allure.step(\"Проверяем, что счетчик Флюоресцентных булок == 0\"):\n            assert (\n                constructor_page.text_in_element(\n                    ConstructorPageLocators.FLUO_BUN_COUNTER\n                )\n                == \"0\"\n            )\n        constructor_page.add_fluo_bun()\n        with allure.step(\"Проверяем, что счетчик Флюоресцентных булок == 2\"):\n>           assert (\n                constructor_page.text_in_element(\n                    ConstructorPageLocators.FLUO_BUN_COUNTER\n                )\n                == \"2\"\n            )\nE           AssertionError: assert '0' == '2'\nE             \nE             - 2\nE             + 0\n\ntests\\test_main_functional.py:82: AssertionError"}, "description": "Проверяем, что при добавлении ингредиента в заказ счётчик этого ингридиента увеличивается", "steps": [{"name": "Проверяем, что счетчик Флюоресцентных булок == 0", "status": "passed", "start": 1731847397928, "stop": 1731847397940}, {"name": "Добавляем флюоресцентную булку в конструктор бургера", "status": "passed", "start": 1731847397940, "stop": 1731847398495}, {"name": "Проверяем, что счетчик Флюоресцентных булок == 2", "status": "failed", "statusDetails": {"message": "AssertionError: assert '0' == '2'\n  \n  - 2\n  + 0\n", "trace": "  File \"c:\\Users\\enc1cxx\\Downloads\\PycharmProjects\\Diplom_Aleksey_Aleksandrov_self-paced\\Diplom_3\\tests\\test_main_functional.py\", line 82, in test_ingredient_counter\n    assert (\n"}, "start": 1731847398495, "stop": 1731847398529}], "parameters": [{"name": "driver", "value": "'firefox'"}], "start": 1731847397905, "stop": 1731847398531, "uuid": "f3f8aff4-936f-4edd-90c9-e24a31f0db69", "historyId": "42685681c4324daa4f042e7f731f6fe3", "testCaseId": "87d5f5376e7dd0b4dfc357507ec9ac52", "fullName": "tests.test_main_functional.TestMainFunctional#test_ingredient_counter", "labels": [{"name": "severity", "value": "normal"}, {"name": "owner", "value": "Алексей Александров"}, {"name": "feature", "value": "Проверки основного функционала"}, {"name": "epic", "value": "Stellar Burger"}, {"name": "parentSuite", "value": "tests"}, {"name": "suite", "value": "test_main_functional"}, {"name": "subSuite", "value": "TestMainFunctional"}, {"name": "host", "value": "DESKTOP-PA8S1LT"}, {"name": "thread", "value": "3384-MainThread"}, {"name": "framework", "value": "pytest"}, {"name": "language", "value": "cpython3"}, {"name": "package", "value": "tests.test_main_functional"}]}