{"name": "Счетчик ингредиентов", "status": "failed", "statusDetails": {"message": "AssertionError: assert '0' == '2'\n  \n  - 2\n  + 0", "trace": "self = <test_main_functional.TestMainFunctional object at 0x000001EA20EF6CC0>\ndriver = <selenium.webdriver.firefox.webdriver.WebDriver (session=\"52021be3-b106-436b-bb3b-af72c971969c\")>\n\n    @allure.title(\"Счетчик ингредиентов\")\n    @allure.description(\n        \"Проверяем, что при добавлении ингредиента в заказ счётчик этого ингридиента увеличивается\"\n    )\n    def test_ingredient_counter(self, driver):\n        constructor_page = ConstructorPage(driver)\n        constructor_page.wait_visibility(ConstructorPageLocators.FLUO_BUN_COUNTER)\n        with allure.step(\"Проверяем, что счетчик Флюоресцентных булок == 0\"):\n            assert (\n                constructor_page.text_in_element(\n                    ConstructorPageLocators.FLUO_BUN_COUNTER\n                )\n                == \"0\"\n            )\n        constructor_page.add_fluo_bun()\n        with allure.step(\"Проверяем, что счетчик Флюоресцентных булок == 2\"):\n>           assert (\n                constructor_page.text_in_element(\n                    ConstructorPageLocators.FLUO_BUN_COUNTER\n                )\n                == \"2\"\n            )\nE           AssertionError: assert '0' == '2'\nE             \nE             - 2\nE             + 0\n\ntests\\test_main_functional.py:77: AssertionError"}, "description": "Проверяем, что при добавлении ингредиента в заказ счётчик этого ингридиента увеличивается", "steps": [{"name": "Проверяем, что счетчик Флюоресцентных булок == 0", "status": "passed", "start": 1731754573403, "stop": 1731754573412}, {"name": "Добавляем флюоресцентную булку в конструктор бургера", "status": "passed", "start": 1731754573413, "stop": 1731754573986}, {"name": "Проверяем, что счетчик Флюоресцентных булок == 2", "status": "failed", "statusDetails": {"message": "AssertionError: assert '0' == '2'\n  \n  - 2\n  + 0\n", "trace": "  File \"c:\\Users\\enc1cxx\\Downloads\\PycharmProjects\\Diplom_Aleksey_Aleksandrov_self-paced\\Diplom_3\\tests\\test_main_functional.py\", line 77, in test_ingredient_counter\n    assert (\n"}, "start": 1731754573986, "stop": 1731754574006}], "parameters": [{"name": "driver", "value": "'firefox'"}], "start": 1731754573376, "stop": 1731754574007, "uuid": "d5548833-13b6-4a25-bc90-2ea902d9e9f1", "historyId": "42685681c4324daa4f042e7f731f6fe3", "testCaseId": "87d5f5376e7dd0b4dfc357507ec9ac52", "fullName": "tests.test_main_functional.TestMainFunctional#test_ingredient_counter", "labels": [{"name": "severity", "value": "normal"}, {"name": "owner", "value": "Алексей Александров"}, {"name": "feature", "value": "Проверки основного функционала"}, {"name": "epic", "value": "Stellar Burger"}, {"name": "parentSuite", "value": "tests"}, {"name": "suite", "value": "test_main_functional"}, {"name": "subSuite", "value": "TestMainFunctional"}, {"name": "host", "value": "DESKTOP-PA8S1LT"}, {"name": "thread", "value": "10692-MainThread"}, {"name": "framework", "value": "pytest"}, {"name": "language", "value": "cpython3"}, {"name": "package", "value": "tests.test_main_functional"}]}